2023-12-25 01:04:33,705 - INFO - EXPIRED
“医保统筹额度12月底清零”？多地紧急回应
https://new.qq.com/rain/a/20231224A06TR300

2023-12-25 01:04:33,705 - INFO - EXPIRED
美国黄石公园检测出“僵尸鹿”病 未来不排除传人风险
https://new.qq.com/rain/a/20231224A0555900

2023-12-25 01:04:33,705 - INFO - EXPIRED
石家庄将重污染天气橙色预警升级为红色预警，启动Ⅰ级应急响应
https://new.qq.com/rain/a/20231224A0637300

2023-12-25 01:04:33,705 - INFO - EXPIRED
女子刷到丈夫和他人结婚照：在外另有2“妻”3娃，还转账480万
https://new.qq.com/rain/a/20231224A053WR00

2023-12-25 01:04:33,705 - INFO - EXPIRED
电诈分子“依警还乡”后的云南临沧：宾馆不再爆满，边境仍闻炮火声
https://new.qq.com/rain/a/20231224A04PQ000

2023-12-25 01:04:33,705 - INFO - EXPIRED
特殊时间点，公安部长出席重要会议，还专门对甘肃、青海公安提要求
https://new.qq.com/rain/a/20231224A06QKN00

2023-12-25 01:04:33,705 - INFO - EXPIRED
杨幂首次挑战悬疑喜剧大有惊喜，“反丁晟”与自己较劲｜丁晟独家自述
https://new.qq.com/rain/a/20231224A079ZS00

2023-12-25 01:04:33,705 - INFO - EXPIRED
患者在爱尔眼科手术4次后仍残留大量硅油 当地卫健委：依规办理，是否属医疗事故应鉴定
https://new.qq.com/rain/a/20231224A075RV00

2023-12-25 01:04:33,705 - INFO - EXPIRED
金莎和男友红毯接吻被嘲“恋爱脑”，大家为何讨厌恋爱脑？只针对女性吗？
https://view.inews.qq.com/a/20231223Q07UH000

2023-12-25 01:04:33,705 - INFO - EXPIRED
美股科技七巨头市值突破12万亿美元 机构发出“黑天鹅”预警
https://new.qq.com/rain/a/20231224A068XY00

2023-12-25 01:04:33,705 - INFO - EXPIRED
疑似开斗气车？理想L7惨烈车祸视频公布：踩刹车时车速为178km/h
https://new.qq.com/rain/a/20231224A06HWJ00

2023-12-25 01:04:33,705 - INFO - EXPIRED
美谋划“没收”3000亿俄海外资产，这能随意没收吗？若关系回暖会还吗？
https://view.inews.qq.com/a/20231224Q06V4C00

2023-12-25 01:04:33,705 - INFO - EXPIRED
当“剁手党”成为“不买族”：有人发誓不买衣服，有人攒出几十万
https://new.qq.com/rain/a/20231224A02I6H00

2023-12-25 01:04:33,705 - INFO - EXPIRED
“菜篮子”山东寿光 ：寒潮吹散“白菜价” 有的蔬菜地头价10天涨3倍 
https://new.qq.com/rain/a/20231224A01ZHJ00

2023-12-25 01:04:33,705 - INFO - EXPIRED
胡锡进：无需把平安夜与长津湖战役胜利纪念日对立起来
https://new.qq.com/rain/a/20231224A06AF400

2023-12-25 01:04:33,705 - INFO - EXPIRED
中国游客在日滑雪身亡 当地滑雪教练：遇难者摔倒后吸入“粉雪”窒息
https://new.qq.com/rain/a/20231224A06QXF00

2023-12-25 01:04:33,705 - INFO - EXPIRED
小米汽车12月28日见？雷军亲自下场与官方账号进行互动
https://new.qq.com/rain/a/20231224A074P000

2023-12-25 01:04:33,705 - INFO - EXPIRED
疑涉“贩卖人口”，法国扣留一架载有303名印度乘客的飞机
https://new.qq.com/rain/a/20231224V072BO00

2023-12-25 01:04:33,705 - INFO - EXPIRED
拜登称没有要求以色列停火引网友怒斥 以总理：我表扬美国的立场
https://new.qq.com/rain/a/20231224V06LSS00

2023-12-25 01:04:33,705 - INFO - EXPIRED
成都发生一起持刀砍人事件，目击者称多人受伤，警方：伤者已送医
https://new.qq.com/rain/a/20231224A06JPZ00

2023-12-25 01:04:33,706 - INFO - EXPIRED
553人抢270套房！深圳千万级豪宅盘“日光”卖了57亿
https://new.qq.com/rain/a/20231223A086G100

2023-12-25 01:04:33,706 - INFO - EXPIRED
美光科技称已与福建晋华集成电路达成全球和解协议
https://new.qq.com/rain/a/20231224A068GH00

2023-12-25 01:04:33,706 - INFO - EXPIRED
美媒爆料：普京对停火释放信号，但有一个条件
https://new.qq.com/rain/a/20231224A06IBX00

2023-12-25 01:04:33,706 - INFO - EXPIRED
小米公司：网传某芯片公司与小米相关的报道为失实信息
https://new.qq.com/rain/a/20231224A06BS600

2023-12-25 01:04:33,706 - INFO - EXPIRED
“结婚16年3娃不是亲生”案将开庭 当事人：至今不知孩子生父是谁
https://new.qq.com/rain/a/20231224A05EA900

2023-12-25 01:04:33,706 - INFO - EXPIRED
杀妻嫌疑人李小龙疑潜逃至四川绵阳，当地警方展开地毯式搜捕
https://new.qq.com/rain/a/20231224A06K3E00

2023-12-25 01:04:33,706 - INFO - EXPIRED
山东青岛破获特大地下钱庄案：涉案金额达158亿元 抓获犯罪嫌疑人74人
https://new.qq.com/rain/a/20231224V04R9F00

2023-12-25 01:04:33,706 - INFO - EXPIRED
她被取消参选俄罗斯总统的资格，曾呼吁“结束冲突、避免与西方分裂”
https://new.qq.com/rain/a/20231224A029C700

2023-12-25 01:04:33,706 - INFO - EXPIRED
南充一小区业主称遭陌生人戴手套拿菜刀敲门 警方已介入调查处理
https://new.qq.com/rain/a/20231224A03OXE00

2023-12-25 01:04:33,706 - INFO - EXPIRED
印度尼西亚一冶炼厂爆炸已致13死38伤 死者包含5名中国工人
https://new.qq.com/rain/a/20231224V05W4F00

2023-12-25 01:04:33,706 - INFO - EXPIRED
宝宝树前CFO发文控诉被欠2.1亿！宝宝树回应：散播谣言以泄私愤
https://new.qq.com/rain/a/20231224A05QMU00

2023-12-25 01:04:33,706 - INFO - EXPIRED
阿斯麦第一台2纳米光刻机，给了这家美国巨头：已采购6台
https://new.qq.com/rain/a/20231224A04H8M00

2023-12-25 01:04:33,706 - INFO - EXPIRED
有专家称“不倡导公众长期佩戴口罩”，中疾控回应
https://new.qq.com/rain/a/20231224A04ODS00

2023-12-25 01:04:33,706 - INFO - EXPIRED
周一起全国大部将明显回暖：看你家何时“解冻”
https://new.qq.com/rain/a/20231224A01ASR00

2023-12-25 01:04:33,706 - INFO - EXPIRED
女网红因甘肃地震不当言论被禁言30天，还有2名用户被永久封禁
https://new.qq.com/rain/a/20231224V05MS900

2023-12-25 01:04:33,706 - INFO - EXPIRED
上海迪士尼一儿童为捡物品跳出游览车被撞倒？园方：确有一儿童被撞
https://new.qq.com/rain/a/20231224A05K0000

2023-12-25 01:04:33,706 - INFO - EXPIRED
京沪楼市新政落地十日：有中介门店成交涨50% 售楼处周末依旧人气旺盛
https://new.qq.com/rain/a/20231224A05W2Q00

2023-12-25 01:04:33,706 - INFO - EXPIRED
94年女生北漂5年半攒钱超100万：日常购物会想尽办法薅羊毛
https://new.qq.com/rain/a/20231223V07OCD00

2023-12-25 01:04:33,706 - INFO - EXPIRED
河北唐山市滦州市发生2.8级地震
https://new.qq.com/rain/a/20231224A056KX00

2023-12-25 01:04:33,706 - INFO - EXPIRED
《甄嬛传》开播12年正筹备完整版，你对哪些人物情节的理解和当年不同了？
https://view.inews.qq.com/a/20231224Q006FV00

2023-12-25 01:04:33,706 - INFO - EXPIRED
吉林延边发现东北豹尸体 已确认：是被东北虎咬死的
https://new.qq.com/rain/a/20231224A04V7D00

2023-12-25 01:04:33,706 - INFO - EXPIRED
上海迪士尼“疯狂动物城”设备故障：数百游客被困，气温仅零下7度
https://new.qq.com/rain/a/20231224A04QBP00

2023-12-25 01:04:33,706 - INFO - EXPIRED
为什么钟南山不主张长期戴口罩
https://new.qq.com/rain/a/20231223A0896L00

2023-12-25 01:04:33,706 - INFO - EXPIRED
中国女游客在日本滑雪被埋雪中身亡，雪场员工发声！领馆回应
https://new.qq.com/rain/a/20231224A04JCH00

2023-12-25 01:04:33,706 - INFO - EXPIRED
美国称伊朗“深度参与”胡塞武装红海袭击，伊朗否认
https://new.qq.com/rain/a/20231224A03DRD00

2023-12-25 01:04:33,706 - INFO - EXPIRED
杭州女子年初卖房因5万中介费谈崩，年底少卖100万
https://new.qq.com/rain/a/20231223A04K1P00

2023-12-25 01:04:33,706 - INFO - EXPIRED
广东省卫健委主任主动投案一个多月后，副主任也落马了
https://new.qq.com/rain/a/20231224A020R400

2023-12-25 01:04:33,706 - INFO - EXPIRED
上海青浦集装箱着火致一家六口死亡？警方：系谣言，造谣者已被拘留
https://new.qq.com/rain/a/20231224A059NH00

2023-12-25 01:04:33,706 - INFO - EXPIRED
应届生漂在义乌做电商
https://new.qq.com/rain/a/20231224A03Z6D00

2023-12-25 01:04:33,706 - INFO - EXPIRED
985女生裸辞去越南农场当苦力：放弃高收入值得吗？丨人生“无用"指南
https://new.qq.com/rain/a/20231223V07IOY00

2023-12-25 01:04:33,706 - INFO - EXPIRED
网传河南大学要从开封搬到郑州，省会就一定更好吗？大学与城市如何相互成就？
https://view.inews.qq.com/a/20231224Q01XZ800

2023-12-25 01:04:33,706 - INFO - EXPIRED
素人“闻神”两场直播获利840万，为什么偏偏他火了？背后真没推手吗
https://new.qq.com/rain/a/20231224A01W0000

2023-12-25 01:04:33,706 - INFO - EXPIRED
云南：农村群体性聚餐5桌以上，举办人应提前10日报备
https://new.qq.com/rain/a/20231224A01OWH00

2023-12-25 01:04:33,706 - INFO - EXPIRED
日媒：在新潟滑雪场，一27岁中国游客摔倒后被雪掩埋，不幸去世
https://new.qq.com/rain/a/20231224A030YW00

2023-12-25 01:04:33,706 - INFO - EXPIRED
河南多地宣布：部分单位停止供暖
https://new.qq.com/rain/a/20231224A016CX00

2023-12-25 01:04:33,706 - INFO - EXPIRED
河南安阳6村民吃火锅时3死3伤，镇政府：初查系一氧化碳中毒
https://new.qq.com/rain/a/20231224A03FYI00

2023-12-25 01:04:33,706 - INFO - EXPIRED
外媒：乌国防部官员采购炮弹时涉嫌贪污约4000万美元，被逮捕
https://new.qq.com/rain/a/20231224A03K6Q00

2023-12-25 01:04:33,706 - INFO - EXPIRED
这个爱好很酷，但要千万小心！国安部提醒
https://new.qq.com/rain/a/20231224A01Z2H00

2023-12-25 01:04:33,706 - INFO - EXPIRED
地中海也要乱了？伊朗准将威胁将袭击直布罗陀海峡
https://new.qq.com/rain/a/20231224A015C500

2023-12-25 01:04:33,706 - INFO - EXPIRED
零食“公摊面积”为何越来越大
https://new.qq.com/rain/a/20231223A07W0X00

2023-12-25 01:04:33,706 - INFO - EXPIRED
蔚来李斌：总计33亿美元，应是今年外资直投中国公司股权最大的一笔
https://new.qq.com/rain/a/20231224A036TK00

2023-12-25 01:04:33,706 - INFO - EXPIRED
外媒：印度以打击金融犯罪为由逮捕vivo当地公司多名员工，包括CEO
https://new.qq.com/rain/a/20231224A01DQ600

2023-12-25 01:04:33,706 - INFO - EXPIRED
圣诞节前夕，阿根廷新政府考虑裁掉约7000名公务员
https://new.qq.com/rain/a/20231224A026DQ00

2023-12-25 01:04:33,706 - INFO - EXPIRED
A股公司深夜爆大雷：13亿资金被划走、4万多股民踩雷，证监会立案调查
https://new.qq.com/rain/a/20231223A005A400

2023-12-25 01:04:33,706 - INFO - EXPIRED
马斯克成2023年最能赚钱的人：身价暴涨1084亿美元
https://new.qq.com/rain/a/20231224A00PDQ00

2023-12-25 01:04:33,706 - INFO - EXPIRED
山东威海积雪深达74cm创纪录，这雪是有多大？国内哪些地方也有这么大的雪？
https://view.inews.qq.com/a/20231223Q07ML900

2023-12-25 01:04:33,706 - INFO - EXPIRED
谌贻琴时隔两个月再赴东北，又一次关注这项重要工作
https://new.qq.com/rain/a/20231223A07FG600

2023-12-25 01:04:33,706 - INFO - EXPIRED
浙江一条200米街道开15家金店，黄金品牌扎堆涌向三四线城市
https://new.qq.com/rain/a/20231224A00VSI00

2023-12-25 01:04:33,706 - INFO - EXPIRED
广西一家长称老师将儿子打成脑震荡，当地通报：警方已介入调查
https://new.qq.com/rain/a/20231223A0865E00

2023-12-25 01:04:33,706 - INFO - EXPIRED
普京办公室圣诞树长啥样？俄记者分享：挂了木勺、圣诞球和英雄像
https://new.qq.com/rain/a/20231224V00VMR00

2023-12-25 01:04:33,706 - INFO - EXPIRED
临近年底又有理财产品出问题，留给河南永城“首富”的时间不多了
https://new.qq.com/rain/a/20231223A07PB100

2023-12-25 01:04:33,706 - INFO - EXPIRED
俄军一士兵胸口中枪后捡回一命：防弹衣被穿透 中国品牌手机挡下子弹
https://new.qq.com/rain/a/20231223V06Z7500

2023-12-25 01:04:33,706 - INFO - EXPIRED
特斯拉上海新超级工厂启动，为何是里程碑项目？中国市场对马斯克多重要？
https://view.inews.qq.com/a/20231223Q07KEG00

2023-12-25 01:04:33,707 - INFO - EXPIRED
“千万富翁”寻回之子解清帅走红后直播带货：自称感觉像做梦，全家粉丝已超600万
https://new.qq.com/rain/a/20231223A04X9H00

2023-12-25 01:04:33,707 - INFO - EXPIRED
谷歌的2023过得不太容易：裁员、转型、争当AI霸主
https://new.qq.com/rain/a/20231224A00SAQ00

2023-12-25 01:04:33,707 - INFO - EXPIRED
中年失业后，你的朋友还联系你吗？生活中发生的最大变化是什么？
https://view.inews.qq.com/a/20231222Q0AOOS00

2023-12-25 01:04:33,707 - INFO - EXPIRED
业主拒出资加装电梯后想使用被拒，一怒之下将其余业主告上法庭被驳回
https://new.qq.com/rain/a/20231223A07SDG00

2023-12-25 01:04:33,707 - INFO - EXPIRED
社区食堂，进入“冰火两重天”
https://new.qq.com/rain/a/20231223A05V5Z00

2023-12-25 01:04:33,707 - INFO - EXPIRED
海峡两岸关系协会原副会长王在希：坚持搞“台独”迟早会有战争
https://new.qq.com/rain/a/20231223A07Q5E00

2023-12-25 01:04:33,707 - INFO - EXPIRED
广州女子出电梯遭35岁男子袭胸，警方：嫌疑人被当场控制，行拘十日
https://new.qq.com/rain/a/20231223A07ABN00

2023-12-25 01:04:33,707 - INFO - EXPIRED
胡锡进：如此“为上证指数正名”没啥意义，股民活不了127年
https://new.qq.com/rain/a/20231223A079EN00

2023-12-25 01:04:33,707 - INFO - EXPIRED
被投毒29年后，清华铊中毒受害者朱令去世，朱令案会因为她的离去而永远尘封吗？
https://view.inews.qq.com/a/20231223Q04HE400

2023-12-25 01:04:33,707 - INFO - EXPIRED
福建福州长乐海域一船舶翻沉，2人获救4人失联
https://new.qq.com/rain/a/20231223A07S9B00

2023-12-25 01:04:33,707 - INFO - EXPIRED
广西岑溪市通报“网传小学教师殴打学生致其受伤住院”：正进行调查
https://new.qq.com/rain/a/20231223A07C5N00

2023-12-25 01:04:33,707 - INFO - EXPIRED
亚洲大米价格再创15年新高，之后会更贵吗？大米最大出口国印度要赢麻了？
https://view.inews.qq.com/a/20231223Q01T0900

2023-12-25 01:04:33,707 - INFO - EXPIRED
匈牙利总理欧尔班：欧盟正在勒索我们，他们自己承认
https://new.qq.com/rain/a/20231223A07CZT00

2023-12-25 01:04:33,707 - INFO - EXPIRED
四川眉山福彩回应10元中752万无人认领：超过60天未领取，彩票将作废
https://new.qq.com/rain/a/20231223A05N3B00

2023-12-25 01:04:33,707 - INFO - EXPIRED
官方解读网游新规征求意见稿：将修改完善
https://new.qq.com/rain/a/20231223A06KLB00

2023-12-25 01:04:33,707 - INFO - EXPIRED
新任青岛市委书记到任，中央候补委员曾赞荣履新职
https://new.qq.com/rain/a/20231223A06SLA00

2023-12-25 01:04:33,707 - INFO - EXPIRED
超十人指控法国著名演员德帕迪约性侵，马克龙力挺“无罪推定”引争议
https://new.qq.com/rain/a/20231223A06ETM00

2023-12-25 01:04:33,707 - INFO - EXPIRED
来自中原地区某市的调研：教师负担重，症结很复杂
https://new.qq.com/rain/a/20231222A05N7500

2023-12-25 01:04:33,707 - INFO - EXPIRED
网传一爱尔眼科医院“中秋外联明细表”涉及贿赂公职人员，官方通报
https://new.qq.com/rain/a/20231223A05SBX00

2023-12-25 01:04:35,024 - INFO - SUCCESS
印度又逮捕3人，vivo回应：深感震惊！
https://new.qq.com/rain/a/20231225A00J6900

2023-12-25 01:04:36,186 - INFO - SUCCESS
国家新闻出版署公布12月国产网游版号，腾讯、网易在列
https://new.qq.com/rain/a/20231225A00Y2U00

2023-12-25 01:04:36,189 - INFO - SUCCESS
“中国女游客在日滑雪时身亡”，我总领馆发声
https://new.qq.com/rain/a/20231225A00QGY00

2023-12-25 01:04:36,207 - INFO - SUCCESS
美国盯上中国传统半导体，韩国企业紧张
https://new.qq.com/rain/a/20231225A00K2700

2023-12-25 01:04:36,223 - INFO - SUCCESS
硅谷再就业艰难：上百人争一个职位，大厂员工被裁半年等不来offer
https://new.qq.com/rain/a/20231225A00QIS00

2023-12-25 01:04:36,356 - ERROR - ERROR
国产约基奇现在够水平打NBA吗？最懂CBA的NBA球探解读杨翰森前景
https://new.qq.com/rain/a/20231225V004FU00
('list index out of range',)
======
Traceback (most recent call last):
  File "/home/runner/work/qqnews/qqnews/qq.py", line 61, in process_article
    ss = str(tmpbs.select("div.LEFT div.content.clearfix")[0])
             ~~~~~~~~~~~~~~~~~~~~~~~~~~~~~~~~~~~~~~~~~~~~~^^^
IndexError: list index out of range


2023-12-25 01:04:36,361 - ERROR - ERROR
NBA大数据丨诡异三分远准狠独步天下！哈利伯顿带队都靠它
https://new.qq.com/rain/a/20231225V00W8F00
('list index out of range',)
======
Traceback (most recent call last):
  File "/home/runner/work/qqnews/qqnews/qq.py", line 61, in process_article
    ss = str(tmpbs.select("div.LEFT div.content.clearfix")[0])
             ~~~~~~~~~~~~~~~~~~~~~~~~~~~~~~~~~~~~~~~~~~~~~^^^
IndexError: list index out of range


2023-12-25 01:04:38,218 - INFO - SUCCESS
79岁资本大佬陆克平被立案调查，去年有近百亿身家，或与威创股份有关
https://new.qq.com/rain/a/20231225A0136R00

